<?xml version="1.0" encoding="UTF-8"?>
<!-- Generated by org.testng.reporters.JUnitXMLReporter -->
<testsuite ignored="1" hostname="Ujwala" failures="1" tests="1" name="FirefoxTest" time="6.471" errors="0" timestamp="2023-02-12T19:07:27 IST">
  <testcase classname="testNGHDFC.HDFCTestNG1" name="@AfterMethod backToMainPage" time="0.032">
    <failure type="java.lang.NullPointerException" message="Cannot invoke &amp;quot;java.util.ArrayList.get(int)&amp;quot; because &amp;quot;this.add&amp;quot; is null">
      <![CDATA[java.lang.NullPointerException: Cannot invoke "java.util.ArrayList.get(int)" because "this.add" is null
at testNGHDFC.HDFCTestNG1.backToMainPage(HDFCTestNG1.java:147)
at java.base/java.util.concurrent.ThreadPoolExecutor.runWorker(ThreadPoolExecutor.java:1136)
at java.base/java.util.concurrent.ThreadPoolExecutor$Worker.run(ThreadPoolExecutor.java:635)
at java.base/java.lang.Thread.run(Thread.java:833)
... Removed 17 stack frames]]>
    </failure>
  </testcase> <!-- @AfterMethod backToMainPage -->
  <testcase classname="testNGHDFC.HDFCTestNG1" name="@AfterClass clearPOMObjects" time="-1.676209047045E9">
    <skipped/>
  </testcase> <!-- @AfterClass clearPOMObjects -->
  <testcase classname="testNGHDFC.HDFCTestNG1" name="@AfterTest closeBrowser" time="-1.676209047046E9">
    <skipped/>
  </testcase> <!-- @AfterTest closeBrowser -->
  <testcase classname="testNGHDFC.HDFCTestNG1" name="BookResturantTest" time="2.948">
    <failure type="org.openqa.selenium.ElementClickInterceptedException" message="Element &amp;lt;img class=&amp;quot;lazy-img no-img img-loaded&amp;quot; src=&amp;quot;https://im1.dineout.co.in/images/uploads/misc/2020/Nov/20/30offid.png?tr=tr:n-small&amp;quot;&amp;gt; is not clickable at point (276,610) because another element &amp;lt;div class=&amp;quot;pocDE&amp;quot;&amp;gt; obscures it
Build info: version: &amp;apos;3.141.59&amp;apos;, revision: &amp;apos;e82be7d358&amp;apos;, time: &amp;apos;2018-11-14T08:17:03&amp;apos;
System info: host: &amp;apos;UJWALA&amp;apos;, ip: &amp;apos;192.168.0.100&amp;apos;, os.name: &amp;apos;Windows 11&amp;apos;, os.arch: &amp;apos;amd64&amp;apos;, os.version: &amp;apos;10.0&amp;apos;, java.version: &amp;apos;17.0.4.1&amp;apos;
Driver info: org.openqa.selenium.firefox.FirefoxDriver
Capabilities {acceptInsecureCerts: true, browserName: firefox, browserVersion: 109.0.1, javascriptEnabled: true, moz:accessibilityChecks: false, moz:buildID: 20230127170202, moz:geckodriverVersion: 0.32.1, moz:headless: false, moz:platformVersion: 10.0, moz:processID: 13308, moz:profile: C:\Users\ujwal\AppData\Loca..., moz:shutdownTimeout: 60000, moz:useNonSpecCompliantPointerOrigin: false, moz:webdriverClick: true, moz:windowless: false, pageLoadStrategy: normal, platform: WINDOWS, platformName: WINDOWS, proxy: Proxy(), setWindowRect: true, strictFileInteractability: false, timeouts: {implicit: 0, pageLoad: 300000, script: 30000}, unhandledPromptBehavior: dismiss and notify}
Session ID: 3acaa4d4-f48a-4e7e-be56-e0b65dcea926">
      <![CDATA[org.openqa.selenium.ElementClickInterceptedException: Element <img class="lazy-img no-img img-loaded" src="https://im1.dineout.co.in/images/uploads/misc/2020/Nov/20/30offid.png?tr=tr:n-small"> is not clickable at point (276,610) because another element <div class="pocDE"> obscures it
Build info: version: '3.141.59', revision: 'e82be7d358', time: '2018-11-14T08:17:03'
System info: host: 'UJWALA', ip: '192.168.0.100', os.name: 'Windows 11', os.arch: 'amd64', os.version: '10.0', java.version: '17.0.4.1'
Driver info: org.openqa.selenium.firefox.FirefoxDriver
Capabilities {acceptInsecureCerts: true, browserName: firefox, browserVersion: 109.0.1, javascriptEnabled: true, moz:accessibilityChecks: false, moz:buildID: 20230127170202, moz:geckodriverVersion: 0.32.1, moz:headless: false, moz:platformVersion: 10.0, moz:processID: 13308, moz:profile: C:\Users\ujwal\AppData\Loca..., moz:shutdownTimeout: 60000, moz:useNonSpecCompliantPointerOrigin: false, moz:webdriverClick: true, moz:windowless: false, pageLoadStrategy: normal, platform: WINDOWS, platformName: WINDOWS, proxy: Proxy(), setWindowRect: true, strictFileInteractability: false, timeouts: {implicit: 0, pageLoad: 300000, script: 30000}, unhandledPromptBehavior: dismiss and notify}
Session ID: 3acaa4d4-f48a-4e7e-be56-e0b65dcea926
at org.openqa.selenium.remote.http.W3CHttpResponseCodec.createException(W3CHttpResponseCodec.java:187)
at org.openqa.selenium.remote.http.W3CHttpResponseCodec.decode(W3CHttpResponseCodec.java:122)
at org.openqa.selenium.remote.http.W3CHttpResponseCodec.decode(W3CHttpResponseCodec.java:49)
at org.openqa.selenium.remote.HttpCommandExecutor.execute(HttpCommandExecutor.java:158)
at org.openqa.selenium.remote.service.DriverCommandExecutor.execute(DriverCommandExecutor.java:83)
at org.openqa.selenium.remote.RemoteWebDriver.execute(RemoteWebDriver.java:552)
at org.openqa.selenium.remote.RemoteWebElement.execute(RemoteWebElement.java:285)
at org.openqa.selenium.remote.RemoteWebElement.click(RemoteWebElement.java:84)
at org.openqa.selenium.support.pagefactory.internal.LocatingElementHandler.invoke(LocatingElementHandler.java:51)
at jdk.proxy2/jdk.proxy2.$Proxy17.click(Unknown Source)
at pomClassesHDFC.FreeTableReservationWithDiscounts.clickOnSelectOffer(FreeTableReservationWithDiscounts.java:42)
at pomClassesHDFC.FreeTableReservationWithDiscounts.getTableHeaderText(FreeTableReservationWithDiscounts.java:33)
at testNGHDFC.HDFCTestNG1.BookResturantTest(HDFCTestNG1.java:127)
at java.base/java.util.concurrent.ThreadPoolExecutor.runWorker(ThreadPoolExecutor.java:1136)
at java.base/java.util.concurrent.ThreadPoolExecutor$Worker.run(ThreadPoolExecutor.java:635)
at java.base/java.lang.Thread.run(Thread.java:833)
... Removed 21 stack frames]]>
    </failure>
  </testcase> <!-- BookResturantTest -->
  <testcase classname="testNGHDFC.HDFCTestNG1" name="compareAndFlyTest" time="0.0">
    <ignored/>
  </testcase> <!-- compareAndFlyTest -->
</testsuite> <!-- FirefoxTest -->
